


ARM Macro Assembler    Page 1 


    1 00000000         ;****************** Lab3.s ***************
    2 00000000         ; Program written by: Put your names here
    3 00000000         ; Date Created: 2/4/2017
    4 00000000         ; Last Modified: 1/4/2023
    5 00000000         ; Brief description of the program
    6 00000000         ;   The LED toggles at 2 Hz and a varying duty-cycle
    7 00000000         ; Hardware connections (External: Two buttons and one LE
                       D)
    8 00000000         ;  Change is Button input  (1 means pressed, 0 means not
                        pressed)
    9 00000000         ;  Breathe is Button input  (1 means pressed, 0 means no
                       t pressed)
   10 00000000         ;  LED is an output (1 activates external LED)
   11 00000000         ; Overall functionality of this system is to operate lik
                       e this
   12 00000000         ;   1) Make LED an output and make Change and Breathe in
                       puts.
   13 00000000         ;   2) The system starts with the the LED toggling at 2H
                       z,
   14 00000000         ;      which is 2 times per second with a duty-cycle of 
                       30%.
   15 00000000         ;      Therefore, the LED is ON for 150ms and off for 35
                       0 ms.
   16 00000000         ;   3) When the Change button is pressed-and-released in
                       crease
   17 00000000         ;      the duty cycle by 20% (modulo 100%). Therefore fo
                       r each
   18 00000000         ;      press-and-release the duty cycle changes from 30%
                        to 70% to 70%
   19 00000000         ;      to 90% to 10% to 30% so on
   20 00000000         ;   4) Implement a "breathing LED" when Breathe Switch i
                       s pressed:
   21 00000000         ; PortE device registers
   22 00000000         
   23 00000000         ; Lab 3, Spring 2023, EID1=2020311573, EID2=2020311573
   24 00000000         ;Implement the Change switch using PE0
   25 00000000         ;Implement the Breathe switch using PE3
   26 00000000         ;Implement the LED on PE5
   27 00000000         ;Slowly set the two input switches to demonstrate all po
                       ssible combinations
   28 00000000         ;GPIO PORTE clock not on.
   29 00000000         
   30 00000000 400243FC 
                       GPIO_PORTE_DATA_R
                               EQU              0x400243FC
   31 00000000 40024400 
                       GPIO_PORTE_DIR_R
                               EQU              0x40024400
   32 00000000 4002451C 
                       GPIO_PORTE_DEN_R
                               EQU              0x4002451C
   33 00000000 400FE608 
                       SYSCTL_RCGCGPIO_R
                               EQU              0x400FE608
   34 00000000         
   35 00000000                 IMPORT           TExaS_Init
   36 00000000                 THUMB
   37 00000000                 AREA             DATA, ALIGN=2
   38 00000000         ;global variables go here



ARM Macro Assembler    Page 2 


   39 00000000         
   40 00000000                 AREA             |.text|, CODE, READONLY, ALIGN=
3
   41 00000000                 THUMB
   42 00000000                 EXPORT           EID1
   43 00000000 32 30 32 
              30 33 31 
              31 35 37 
              33 00    EID1    DCB              "2020311573",0 ;replace ABC123 
                                                            with your EID
   44 0000000B                 EXPORT           EID2
   45 0000000B 32 30 32 
              30 33 31 
              31 35 37 
              33 00    EID2    DCB              "2020311573",0 ;replace ABC123 
                                                            with your EID
   46 00000016 00 00           ALIGN            4
   47 00000018         
   48 00000018                 EXPORT           Start
   49 00000018         
   50 00000018         Start
   51 00000018         ; TExaS_Init sets bus clock at 80 MHz, interrupts, ADC1,
                        TIMER3, TIMER5, and UART0
   52 00000018 F04F 0002       MOV              R0,#2       ;0 for TExaS oscill
                                                            oscope, 1 for PORTE
                                                             logic analyzer, 2 
                                                            for Lab3 grader, 3 
                                                            for none
   53 0000001C F7FF FFFE       BL               TExaS_Init  ;enables interrupts
                                                            , prints the pin se
                                                            lections based on E
                                                            ID1 EID2
   54 00000020         
   55 00000020         ; Your Initialization goes here
   56 00000020 48ED            LDR              R0,=SYSCTL_RCGCGPIO_R
   57 00000022 6801            LDR              R1,[R0]
   58 00000024 F041 0110       ORR              R1,#0x10
   59 00000028 6001            STR              R1,[R0]
   60 0000002A BF00            NOP
   61 0000002C BF00            NOP
   62 0000002E 48EB            LDR              R0,=GPIO_PORTE_DEN_R
   63 00000030 6801            LDR              R1,[R0]
   64 00000032 F041 0129       ORR              R1,#0x29
   65 00000036 6001            STR              R1,[R0]
   66 00000038 48E9            LDR              R0,=GPIO_PORTE_DIR_R
   67 0000003A 6801            LDR              R1,[R0]
   68 0000003C F041 0120       ORR              R1,#0x20
   69 00000040 F021 0109       BIC              R1,#0x09
   70 00000044 6001            STR              R1,[R0]
   71 00000046 F04F 0401       MOV              R4,#1
   72 0000004A         
   73 0000004A         loop
   74 0000004A         ; main engine goes here
   75 0000004A         ;push change button
   76 0000004A 48E6            LDR              R0,=GPIO_PORTE_DATA_R
   77 0000004C 6801            LDR              R1,[R0]
   78 0000004E F011 0001       ANDS             R0,R1,#0x01
   79 00000052 BF0E 2000       MOVEQ            R0, #0
   80 00000056 2001            MOVNE            R0, #1



ARM Macro Assembler    Page 3 


   81 00000058 42B8            CMPNE            R0, R7
   82 0000005A 4607            MOV              R7, R0
   83 0000005C BF18 3401       ADDNE            R4, #1
   84 00000060 2C05            CMP              R4,#5
   85 00000062 BF08 2400       MOVEQ            R4, #0
   86 00000066         ;culculate the duty cycle
   87 00000066 4623            MOV              R3, R4
   88 00000068 F04F 0014       MOV              R0, #20
   89 0000006C FB03 F300       MUL              R3, R0
   90 00000070 F04F 000A       MOV              R0, #10
   91 00000074 4403            ADD              R3, R0
   92 00000076 F24C 3050       MOV              R0, #50000
   93 0000007A FB03 F300       MUL              R3, R0
   94 0000007E         ;push breathe button
   95 0000007E F011 0008       ANDS             R0,R1, #0x08
   96 00000082 BF02 F04F 
              0800             MOVEQ            R8, #0
   97 00000088 F24C 3250       MOVEQ            R2, #50000
   98 0000008C F000 F806       BLEQ             BLINK
   99 00000090 BF1C F44F 
              727A             MOVNE            R2, #1000
  100 00000096 F000 F829       BLNE             BREATHE
  101 0000009A         
  102 0000009A E7D6            B                loop
  103 0000009C         
  104 0000009C         BLINK
  105 0000009C 4675            MOV              R5, LR
  106 0000009E F000 F80D       BL               _LED_ON
  107 000000A2 F000 F817       BL               _DELAY
  108 000000A6 F04F 0064       MOV              R0, #100
  109 000000AA FB02 F200       MUL              R2, R0
  110 000000AE EBA2 0303       SUB              R3, R2, R3
  111 000000B2 F000 F809       BL               _LED_OFF
  112 000000B6 F000 F80D       BL               _DELAY
  113 000000BA 4728            BX               R5
  114 000000BC         _LED_ON
  115 000000BC 48C9            LDR              R0,=GPIO_PORTE_DATA_R
  116 000000BE 6801            LDR              R1,[R0]
  117 000000C0 F041 0120       ORR              R1,#0x20
  118 000000C4 6001            STR              R1,[R0]
  119 000000C6 4770            BX               LR
  120 000000C8         _LED_OFF
  121 000000C8 48C6            LDR              R0,=GPIO_PORTE_DATA_R
  122 000000CA 6801            LDR              R1,[R0]
  123 000000CC F021 0120       BIC              R1,#0x20
  124 000000D0 6001            STR              R1,[R0]
  125 000000D2 4770            BX               LR
  126 000000D4         _DELAY
  127 000000D4 4676            MOV              R6, LR
  128 000000D6 4618            MOV              R0, R3
  129 000000D8 F000 F801       BL               _DELAY_100ns
  130 000000DC 4730            BX               R6
  131 000000DE         _DELAY_100ns
  132 000000DE BF00            NOP
  133 000000E0 BF00            NOP
  134 000000E2 BF00            NOP
  135 000000E4 BF00            NOP
  136 000000E6 3801            SUBS             R0,#1
  137 000000E8 D1F9            BNE              _DELAY_100ns



ARM Macro Assembler    Page 4 


  138 000000EA 4770            BX               LR
  139 000000EC         
  140 000000EC         BREATHE
  141 000000EC 46F1            MOV              R9, LR
  142 000000EE 4FBE            LDR              R7, =SinTable
  143 000000F0 F837 3018       LDRH             R3, [R7, R8, LSL #1]
  144 000000F4 F04F 000A       MOV              R0, #10
  145 000000F8 FB03 F300       MUL              R3, R0
  146 000000FC F7FF FFCE       BL               BLINK
  147 00000100 F108 0801       ADD              R8, #1
  148 00000104 F1B8 0F64       CMP              R8, #100
  149 00000108 BF08 F04F 
              0800             MOVEQ            R8, #0
  150 0000010E 4748            BX               R9
  151 00000110         
  152 00000110                 ALIGN            4
  153 00000110         ; 256 points with values from 100 to 9900      
  154 00000110         PerlinTable
  155 00000110 F8 16 51 
              18 E1 14 
              00 0E D9 
              0D A2 02 
              FB 13 56 
              02 73 1E 
              99 0E BF 
              0E 51 08 
              67 1D 3C 
              23 70 01 
              09 22 53 
              15 C6 05 
              CB 0F E0 
              04 B5 0A 
              A0 15 96 
              01               DCW              5880,6225,5345,3584,3545,674,51
15,598,7795,3737,3775,2129,7527,9020,368,8713,5459,1478,4043,1248,2741,5536,406
  156 0000013E 32 0F EC 
              05 48 24 
              88 03 E3 
              01 D4 03 
              CD 1C 4A 
              01 86 16 
              53 25 56 
              12 62 23 
              9B 0B 64 
              00 47 04 
              D9 1D A9 
              09 72 0E 
              13 26 24 
              21 BF 1E 
              E3 11 A0 
              05               DCW              3890,1516,9288,904,483,980,7373
,330,5766,9555,4694,9058,2971,100,1095,7641,2473,3698,9747,8484,7871,4579,1440
  157 0000016C 09 02 2D 
              05 EA 08 
              DC 1A 53 
              05 8D 0D 
              D5 23 AC 
              16 C4 08 
              66 0D 69 



ARM Macro Assembler    Page 5 


              1A 62 03 
              15 13 BA 
              14 F6 19 
              83 19 8F 
              0A 8F 1A 
              75 0B 10 
              19 02 0B 
              6E 14 2D 
              15               DCW              521,1325,2282,6876,1363,3469,91
73,5804,2244,3430,6761,866,4885,5306,6646,6531,2703,6799,2933,6416,2818,5230,54
21
  158 0000019A 92 07 6E 
              04 37 19 
              E8 0B 39 
              16 04 18 
              EF 22 CD 
              0C FD 10 
              A2 22 A2 
              12 5D 09 
              F1 1F 47 
              14 C9 22 
              4A 21 18 
              10 26 0E 
              86 06 9D 
              08 45 07 
              07 25            DCW              1938,1134,6455,3048,5689,6148,8
943,3277,4349,8866,4770,2397,8177,5191,8905,8522,4120,3622,1670,2205,1861,9479
  159 000001C6 5F 06 E1 
              24 A5 0F 
              C6 15 77 
              08 1C 0A 
              21 04 D0 
              09 77 18 
              8A 00 B1 
              20 5B 0C 
              4F 0B A5 
              1F C1 0B 
              21 14 5B 
              1C 7F 1F 
              B3 0D 15 
              03 AA 19 
              4C 1E B3 
              1D               DCW              1631,9441,4005,5574,2167,2588,1
057,2512,6263,138,8369,3163,2895,8101,3009,5153,7259,8063,3507,789,6570,7756,76
03
  160 000001F4 94 14 D5 
              13 BD 11 
              81 1C 2B 
              18 40 0D 
              EA 18 58 
              0F B1 10 
              00 1E 43 
              1A 34 1C 
              D7 00 F6 
              09 2B 08 
              D7 20 30 
              22 C6 25 
              EF 12 C9 
              12 23 01 



ARM Macro Assembler    Page 6 


              99 1E 13 
              06               DCW              5268,5077,4541,7297,6187,3392,6
378,3928,4273,7680,6723,7220,215,2550,2091,8407,8752,9670,4847,4809,291,7833,15
55
  161 00000222 5F 16 09 
              12 3B 13 
              86 26 A7 
              0C 1A 0D 
              18 20 58 
              1F 32 1F 
              37 09 56 
              22 6B 07 
              C9 02 10 
              09 EF 02 
              9B 1B A7 
              1C 94 04 
              AC 06 BD 
              21 C1 1B 
              D0 19 3E 
              20               DCW              5727,4617,4923,9862,3239,3354,8
216,8024,7986,2359,8790,1899,713,2320,751,7067,7335,1172,1708,8637,7105,6608,82
54
  162 00000250 2F 12 7A 
              25 1F 17 
              B1 00 F8 
              06 6B 17 
              C4 18 DC 
              0A 70 21 
              45 17 7E 
              0F 92 17 
              5D 19 D2 
              06 1C 1A 
              BD 01 AE 
              13 AE 03 
              39 06 39 
              26 3B 03 
              0C 0F 8A 
              10               DCW              4655,9594,5919,177,1784,5995,63
40,2780,8560,5957,3966,6034,6493,1746,6684,445,5038,942,1593,9785,827,3852,4234
  163 0000027E D7 10 34 
              0C 4A 11 
              E3 21 15 
              23 02 1B 
              0E 1C 24 
              11 F1 0F 
              FD 20 2D 
              25 E5 0E 
              7C 22 ED 
              25 7A 05 
              94 24 40 
              1D FB 23 
              CB 1F ED 
              15 2F 02 
              F4 1C            DCW              4311,3124,4426,8675,8981,6914,7
182,4388,4081,8445,9517,3813,8828,9709,1402,9364,7488,9211,8139,5613,559,7412
  164 000002AA 28 1B 9E 
              18 6E 24 
              81 0C 04 
              08 13 16 



ARM Macro Assembler    Page 7 


              88 23 A0 
              25 7C 02 
              21 24 64 
              10 B8 07 
              1A 1D 64 
              20 07 05 
              75 1B 26 
              1E 3E 10 
              DE 17 E8 
              1B F4 0C 
              E5 1E            DCW              6952,6302,9326,3201,2052,5651,9
096,9632,636,9249,4196,1976,7450,8292,1287,7029,7718,4158,6110,7144,3316,7909
  165 000002D6 B6 1A 96 
              11 7C 12 
              DE 07 1F 
              07 62 13 
              FD 00 D2 
              16 5F 26 
              07 15 AE 
              23 0C 1F 
              4C 0E 96 
              21 70 11 
              69 0A BA 
              04 FB 03 
              28 0B BA 
              24 7A 15 
              88 13            DCW              6838,4502,4732,2014,1823,4962,2
53,5842,9823,5383,9134,7948,3660,8598,4464,2665,1210,1019,2856,9402,5498,5000
  166 00000302 8D 1D 0E 
              0C 43 0A 
              8A 20 83 
              09 B8 17 
              4F 1B            DCW              7565,3086,2627,8330,2435,6072,6
991
  167 00000310         ; 100 numbers from 0 to 10000
  168 00000310         ; sinusoidal shape
  169 00000310                 ALIGN            4
  170 00000310         SinTable
  171 00000310 88 13 BC 
              14 EE 15 
              1E 17 4B 
              18 72 19 
              94 1A AE 
              1B C1 1C 
              CA 1D            DCW              5000, 5308, 5614, 5918, 6219, 6
514, 6804, 7086, 7361, 7626
  172 00000324 C8 1E BB 
              1F A2 20 
              7C 21 48 
              22 04 23 
              B1 23 4E 
              24 DA 24 
              54 25            DCW              7880, 8123, 8354, 8572, 8776, 8
964, 9137, 9294, 9434, 9556
  173 00000338 BC 25 12 
              26 55 26 
              85 26 A2 
              26 AC 26 
              A2 26 85 



ARM Macro Assembler    Page 8 


              26 55 26 
              12 26            DCW              9660, 9746, 9813, 9861, 9890, 9
900, 9890, 9861, 9813, 9746
  174 0000034C BC 25 54 
              25 DA 24 
              4E 24 B1 
              23 04 23 
              48 22 7C 
              21 A2 20 
              BB 1F            DCW              9660, 9556, 9434, 9294, 9137, 8
964, 8776, 8572, 8354, 8123
  175 00000360 C8 1E CA 
              1D C1 1C 
              AE 1B 94 
              1A 72 19 
              4B 18 1E 
              17 EE 15 
              BC 14            DCW              7880, 7626, 7361, 7086, 6804, 6
514, 6219, 5918, 5614, 5308
  176 00000374 88 13 54 
              12 22 11 
              F2 0F C5 
              0E 9E 0D 
              7C 0C 62 
              0B 4F 0A 
              46 09            DCW              5000, 4692, 4386, 4082, 3781, 3
486, 3196, 2914, 2639, 2374
  177 00000388 48 08 55 
              07 6E 06 
              94 05 C8 
              04 0C 04 
              5F 03 C2 
              02 36 02 
              BC 01            DCW              2120, 1877, 1646, 1428, 1224, 1
036,  863,  706,  566,  444
  178 0000039C 54 01 FE 
              00 BB 00 
              8B 00 6E 
              00 64 00 
              6E 00 8B 
              00 BB 00 
              FE 00            DCW              340,  254,  187,  139,  110,  1
00,  110,  139,  187,  254
  179 000003B0 54 01 BC 
              01 36 02 
              C2 02 5F 
              03 0C 04 
              C8 04 94 
              05 6E 06 
              55 07            DCW              340,  444,  566,  706,  863, 10
36, 1224, 1428, 1646, 1877
  180 000003C4 48 08 46 
              09 4F 0A 
              62 0B 7C 
              0C 9E 0D 
              C5 0E F2 
              0F 22 11 
              54 12            DCW              2120, 2374, 2639, 2914, 3196, 3
486, 3781, 4082, 4386, 4692



ARM Macro Assembler    Page 9 


  181 000003D8         
  182 000003D8                 ALIGN                        ; make sure the end
                                                             of this section is
                                                             aligned
  183 000003D8                 END                          ; end of file
              400FE608 
              4002451C 
              40024400 
              400243FC 
              00000000 
Command Line: --debug --xref --diag_suppress=9931,A1950W --cpu=Cortex-M4 --fpu=
SoftVFP --depend=.\lab3.d -o.\lab3.o -I.\RTE\_Lab3 -IC:\Users\jhshin\AppData\Lo
cal\Arm\Packs\ARM\CMSIS\6.1.0\CMSIS\Core\Include -IC:\Users\jhshin\AppData\Loca
l\Arm\Packs\Keil\TM4C_DFP\1.1.0\Device\Include\TM4C123 --predefine="__EVAL SETA
 1" --predefine="__UVISION_VERSION SETA 542" --predefine="TM4C123GH6PM SETA 1" 
--predefine="_RTE_ SETA 1" --list=.\lab3.lst Lab3.s



ARM Macro Assembler    Page 1 Alphabetic symbol ordering
Relocatable symbols

DATA 00000000

Symbol: DATA
   Definitions
      At line 37 in file Lab3.s
   Uses
      None
Comment: DATA unused
1 symbol



ARM Macro Assembler    Page 1 Alphabetic symbol ordering
Relocatable symbols

.text 00000000

Symbol: .text
   Definitions
      At line 40 in file Lab3.s
   Uses
      None
Comment: .text unused
BLINK 0000009C

Symbol: BLINK
   Definitions
      At line 104 in file Lab3.s
   Uses
      At line 98 in file Lab3.s
      At line 146 in file Lab3.s

BREATHE 000000EC

Symbol: BREATHE
   Definitions
      At line 140 in file Lab3.s
   Uses
      At line 100 in file Lab3.s
Comment: BREATHE used once
EID1 00000000

Symbol: EID1
   Definitions
      At line 43 in file Lab3.s
   Uses
      At line 42 in file Lab3.s
Comment: EID1 used once
EID2 0000000B

Symbol: EID2
   Definitions
      At line 45 in file Lab3.s
   Uses
      At line 44 in file Lab3.s
Comment: EID2 used once
PerlinTable 00000110

Symbol: PerlinTable
   Definitions
      At line 154 in file Lab3.s
   Uses
      None
Comment: PerlinTable unused
SinTable 00000310

Symbol: SinTable
   Definitions
      At line 170 in file Lab3.s
   Uses
      At line 142 in file Lab3.s
Comment: SinTable used once
Start 00000018




ARM Macro Assembler    Page 2 Alphabetic symbol ordering
Relocatable symbols

Symbol: Start
   Definitions
      At line 50 in file Lab3.s
   Uses
      At line 48 in file Lab3.s
Comment: Start used once
_DELAY 000000D4

Symbol: _DELAY
   Definitions
      At line 126 in file Lab3.s
   Uses
      At line 107 in file Lab3.s
      At line 112 in file Lab3.s

_DELAY_100ns 000000DE

Symbol: _DELAY_100ns
   Definitions
      At line 131 in file Lab3.s
   Uses
      At line 129 in file Lab3.s
      At line 137 in file Lab3.s

_LED_OFF 000000C8

Symbol: _LED_OFF
   Definitions
      At line 120 in file Lab3.s
   Uses
      At line 111 in file Lab3.s
Comment: _LED_OFF used once
_LED_ON 000000BC

Symbol: _LED_ON
   Definitions
      At line 114 in file Lab3.s
   Uses
      At line 106 in file Lab3.s
Comment: _LED_ON used once
loop 0000004A

Symbol: loop
   Definitions
      At line 73 in file Lab3.s
   Uses
      At line 102 in file Lab3.s
Comment: loop used once
13 symbols



ARM Macro Assembler    Page 1 Alphabetic symbol ordering
Absolute symbols

GPIO_PORTE_DATA_R 400243FC

Symbol: GPIO_PORTE_DATA_R
   Definitions
      At line 30 in file Lab3.s
   Uses
      At line 76 in file Lab3.s
      At line 115 in file Lab3.s
      At line 121 in file Lab3.s

GPIO_PORTE_DEN_R 4002451C

Symbol: GPIO_PORTE_DEN_R
   Definitions
      At line 32 in file Lab3.s
   Uses
      At line 62 in file Lab3.s
Comment: GPIO_PORTE_DEN_R used once
GPIO_PORTE_DIR_R 40024400

Symbol: GPIO_PORTE_DIR_R
   Definitions
      At line 31 in file Lab3.s
   Uses
      At line 66 in file Lab3.s
Comment: GPIO_PORTE_DIR_R used once
SYSCTL_RCGCGPIO_R 400FE608

Symbol: SYSCTL_RCGCGPIO_R
   Definitions
      At line 33 in file Lab3.s
   Uses
      At line 56 in file Lab3.s
Comment: SYSCTL_RCGCGPIO_R used once
4 symbols



ARM Macro Assembler    Page 1 Alphabetic symbol ordering
External symbols

TExaS_Init 00000000

Symbol: TExaS_Init
   Definitions
      At line 35 in file Lab3.s
   Uses
      At line 53 in file Lab3.s
Comment: TExaS_Init used once
1 symbol
355 symbols in table
