


ARM Macro Assembler    Page 1 


    1 00000000         ;****************** main.s ***************
    2 00000000         ; Program initially written by: Yerraballi and Valvano
    3 00000000         ; Author: Place your name here
    4 00000000         ; Date Created: 1/15/2018 
    5 00000000         ; Last Modified: 12/30/2022 
    6 00000000         ; Brief description of the program: Solution to Lab1
    7 00000000         ; The objective of this system is to implement a parity 
                       system
    8 00000000         ; Hardware connections: 
    9 00000000         ;  One output is positive logic, 1 turns on the LED, 0 t
                       urns off the LED
   10 00000000         ;  Three inputs are positive logic, meaning switch not p
                       ressed is 0, pressed is 1
   11 00000000 400073FC 
                       GPIO_PORTD_DATA_R
                               EQU              0x400073FC
   12 00000000 40007400 
                       GPIO_PORTD_DIR_R
                               EQU              0x40007400
   13 00000000 4000751C 
                       GPIO_PORTD_DEN_R
                               EQU              0x4000751C
   14 00000000 400243FC 
                       GPIO_PORTE_DATA_R
                               EQU              0x400243FC
   15 00000000 40024400 
                       GPIO_PORTE_DIR_R
                               EQU              0x40024400
   16 00000000 4002451C 
                       GPIO_PORTE_DEN_R
                               EQU              0x4002451C
   17 00000000 400FE608 
                       SYSCTL_RCGCGPIO_R
                               EQU              0x400FE608
   18 00000000                 PRESERVE8
   19 00000000                 AREA             Data, ALIGN=2
   20 00000000         ; Declare global variables here if needed
   21 00000000         ; with the SPACE assembly directive
   22 00000000                 ALIGN            4
   23 00000000                 AREA             |.text|, CODE, READONLY, ALIGN=
2
   24 00000000                 THUMB
   25 00000000                 EXPORT           EID
   26 00000000 32 30 32 
              30 33 31 
              31 35 37 
              33 00    EID     DCB              "2020311573",0 ;replace ABC123 
                                                            with your EID
   27 0000000B                 EXPORT           RunGrader
   28 0000000B 00              ALIGN            4
   29 0000000C 00000001 
                       RunGrader
                               DCD              1           ; change to nonzero
                                                             when ready for gra
                                                            ding
   30 00000010         
   31 00000010                 EXPORT           Lab1
   32 00000010         
   33 00000010         Lab1



ARM Macro Assembler    Page 2 


   34 00000010         ;initialization
   35 00000010 BF00            nop
   36 00000012         
   37 00000012 481D            LDR              R0, =SYSCTL_RCGCGPIO_R
   38 00000014 6801            LDR              R1, [R0]
   39 00000016 F041 0110       ORR              R1, #0x10
   40 0000001A 6001            STR              R1, [R0]
   41 0000001C BF00            nop
   42 0000001E BF00            nop
   43 00000020         
   44 00000020 481A            LDR              R0, =GPIO_PORTE_DEN_R
   45 00000022 6801            LDR              R1, [R0]
   46 00000024 F041 0127       ORR              R1, #0x27
   47 00000028 6001            STR              R1, [R0]
   48 0000002A         
   49 0000002A 4819            LDR              R0, =GPIO_PORTE_DIR_R
   50 0000002C 6801            LDR              R1, [R0]
   51 0000002E F041 0120       ORR              R1, #0x20
   52 00000032 F021 0107       BIC              R1, #0x07
   53 00000036 6001            STR              R1, [R0]
   54 00000038         
   55 00000038         loop
   56 00000038         ;main program loop
   57 00000038 F04F 0300       MOV              R3, #0x00
   58 0000003C 4815            LDR              R0, =GPIO_PORTE_DATA_R
   59 0000003E 6801            LDR              R1, [R0]
   60 00000040 F001 0201       AND              R2, R1, #0x01
   61 00000044 EA83 0302       EOR              R3, R2
   62 00000048 EA4F 0151       LSR              R1, #1
   63 0000004C F001 0201       AND              R2, R1, #0x01
   64 00000050 EA83 0302       EOR              R3, R2
   65 00000054 EA4F 0151       LSR              R1, #1
   66 00000058 F001 0201       AND              R2, R1, #0x01
   67 0000005C EA83 0302       EOR              R3, R2
   68 00000060         
   69 00000060 2B01            CMP              R3, #1
   70 00000062 6801            LDR              R1, [R0]
   71 00000064 BF0C F041 
              0120             ORREQ            R1, #0x20
   72 0000006A F021 0120       BICNE            R1, #0x20
   73 0000006E 6001            STR              R1,[R0]
   74 00000070 F000 F801       bl               DELAY
   75 00000074 E7E0            B                loop
   76 00000076         
   77 00000076         DELAY
   78 00000076 F44F 1480       mov              r4, #0x100000
   79 0000007A         _DELAY_LOOP
   80 0000007A 2C00            cmp              r4, #0
   81 0000007C BF08 4770       bxeq             lr
   82 00000080 F1A4 0401       sub              r4, #1
   83 00000084 E7F9            b                _DELAY_LOOP
   84 00000086         _DELAY_LOOP_EXIT
   85 00000086 4770            bx               lr
   86 00000088         
   87 00000088                 ALIGN                        ; make sure the end
                                                             of this section is
                                                             aligned
   88 00000088                 END                          ; end of file
              400FE608 



ARM Macro Assembler    Page 3 


              4002451C 
              40024400 
              400243FC 
Command Line: --debug --xref --diag_suppress=9931,A1950W --cpu=Cortex-M4 --fpu=
SoftVFP --depend=.\lab1.d -o.\lab1.o -I.\RTE\_Lab1 -IC:\Users\jhshin\AppData\Lo
cal\Arm\Packs\ARM\CMSIS\6.1.0\CMSIS\Core\Include -IC:\Users\jhshin\AppData\Loca
l\Arm\Packs\Keil\TM4C_DFP\1.1.0\Device\Include\TM4C123 --predefine="__EVAL SETA
 1" --predefine="__UVISION_VERSION SETA 542" --predefine="TM4C123GH6PM SETA 1" 
--predefine="_RTE_ SETA 1" --list=.\lab1.lst Lab1.s



ARM Macro Assembler    Page 1 Alphabetic symbol ordering
Relocatable symbols

Data 00000000

Symbol: Data
   Definitions
      At line 19 in file Lab1.s
   Uses
      None
Comment: Data unused
1 symbol



ARM Macro Assembler    Page 1 Alphabetic symbol ordering
Relocatable symbols

.text 00000000

Symbol: .text
   Definitions
      At line 23 in file Lab1.s
   Uses
      None
Comment: .text unused
DELAY 00000076

Symbol: DELAY
   Definitions
      At line 77 in file Lab1.s
   Uses
      At line 74 in file Lab1.s
Comment: DELAY used once
EID 00000000

Symbol: EID
   Definitions
      At line 26 in file Lab1.s
   Uses
      At line 25 in file Lab1.s
Comment: EID used once
Lab1 00000010

Symbol: Lab1
   Definitions
      At line 33 in file Lab1.s
   Uses
      At line 31 in file Lab1.s
Comment: Lab1 used once
RunGrader 0000000C

Symbol: RunGrader
   Definitions
      At line 29 in file Lab1.s
   Uses
      At line 27 in file Lab1.s
Comment: RunGrader used once
_DELAY_LOOP 0000007A

Symbol: _DELAY_LOOP
   Definitions
      At line 79 in file Lab1.s
   Uses
      At line 83 in file Lab1.s
Comment: _DELAY_LOOP used once
_DELAY_LOOP_EXIT 00000086

Symbol: _DELAY_LOOP_EXIT
   Definitions
      At line 84 in file Lab1.s
   Uses
      None
Comment: _DELAY_LOOP_EXIT unused
loop 00000038

Symbol: loop



ARM Macro Assembler    Page 2 Alphabetic symbol ordering
Relocatable symbols

   Definitions
      At line 55 in file Lab1.s
   Uses
      At line 75 in file Lab1.s
Comment: loop used once
8 symbols



ARM Macro Assembler    Page 1 Alphabetic symbol ordering
Absolute symbols

GPIO_PORTD_DATA_R 400073FC

Symbol: GPIO_PORTD_DATA_R
   Definitions
      At line 11 in file Lab1.s
   Uses
      None
Comment: GPIO_PORTD_DATA_R unused
GPIO_PORTD_DEN_R 4000751C

Symbol: GPIO_PORTD_DEN_R
   Definitions
      At line 13 in file Lab1.s
   Uses
      None
Comment: GPIO_PORTD_DEN_R unused
GPIO_PORTD_DIR_R 40007400

Symbol: GPIO_PORTD_DIR_R
   Definitions
      At line 12 in file Lab1.s
   Uses
      None
Comment: GPIO_PORTD_DIR_R unused
GPIO_PORTE_DATA_R 400243FC

Symbol: GPIO_PORTE_DATA_R
   Definitions
      At line 14 in file Lab1.s
   Uses
      At line 58 in file Lab1.s
Comment: GPIO_PORTE_DATA_R used once
GPIO_PORTE_DEN_R 4002451C

Symbol: GPIO_PORTE_DEN_R
   Definitions
      At line 16 in file Lab1.s
   Uses
      At line 44 in file Lab1.s
Comment: GPIO_PORTE_DEN_R used once
GPIO_PORTE_DIR_R 40024400

Symbol: GPIO_PORTE_DIR_R
   Definitions
      At line 15 in file Lab1.s
   Uses
      At line 49 in file Lab1.s
Comment: GPIO_PORTE_DIR_R used once
SYSCTL_RCGCGPIO_R 400FE608

Symbol: SYSCTL_RCGCGPIO_R
   Definitions
      At line 17 in file Lab1.s
   Uses
      At line 37 in file Lab1.s
Comment: SYSCTL_RCGCGPIO_R used once
7 symbols
352 symbols in table
